  Application.cpp
c:\program files (x86)\windows kits\10\include\10.0.17763.0\shared\minwindef.h(130): warning C4005: 'APIENTRY': 매크로 재정의
  d:\project\fully-applicable-terrain-gan\work\src\terrain-renderer\terrain-renderer\include\glfw\glfw3.h(98): note: 'APIENTRY'의 이전 정의를 참조하십시오.
  FileSystem.cpp
  Logger.cpp
  main.cpp
  Shader.cpp
  stdafx.cpp
  TerrainApplication.cpp
  terrain-renderer.vcxproj -> D:\project\fully-applicable-terrain-GAN\work\src\terrain-renderer\x64\Debug\terrain-renderer.exe
d:\project\fully-applicable-terrain-gan\work\src\terrain-renderer\terrain-renderer\include\spdlog\fmt\bundled\format.h(1140): warning C26451: Arithmetic overflow: Using operator '*' on a 4 byte value and then casting the result to a 8 byte value. Cast the value to the wider type before calling operator '*' to avoid overflow (io.2).
d:\project\fully-applicable-terrain-gan\work\src\terrain-renderer\terrain-renderer\include\spdlog\fmt\bundled\format.h(2896): warning C26495: Variable 'fmt::v5::system_error::error_code_' is uninitialized. Always initialize a member variable (type.6).
d:\project\fully-applicable-terrain-gan\work\src\terrain-renderer\terrain-renderer\include\spdlog\fmt\bundled\format.h(3753): warning C26495: Variable 'fmt::v5::format_int::buffer_' is uninitialized. Always initialize a member variable (type.6).
d:\project\fully-applicable-terrain-gan\work\src\terrain-renderer\terrain-renderer\include\spdlog\fmt\bundled\format.h(3757): warning C26495: Variable 'fmt::v5::format_int::buffer_' is uninitialized. Always initialize a member variable (type.6).
d:\project\fully-applicable-terrain-gan\work\src\terrain-renderer\terrain-renderer\include\spdlog\fmt\bundled\format.h(3761): warning C26495: Variable 'fmt::v5::format_int::buffer_' is uninitialized. Always initialize a member variable (type.6).
d:\project\fully-applicable-terrain-gan\work\src\terrain-renderer\terrain-renderer\include\spdlog\fmt\bundled\format.h(3765): warning C26495: Variable 'fmt::v5::format_int::buffer_' is uninitialized. Always initialize a member variable (type.6).
d:\project\fully-applicable-terrain-gan\work\src\terrain-renderer\terrain-renderer\include\spdlog\fmt\bundled\format.h(3769): warning C26495: Variable 'fmt::v5::format_int::buffer_' is uninitialized. Always initialize a member variable (type.6).
d:\project\fully-applicable-terrain-gan\work\src\terrain-renderer\terrain-renderer\include\spdlog\fmt\bundled\format.h(3773): warning C26495: Variable 'fmt::v5::format_int::buffer_' is uninitialized. Always initialize a member variable (type.6).
d:\project\fully-applicable-terrain-gan\work\src\terrain-renderer\terrain-renderer\include\spdlog\fmt\bundled\format-inl.h(320): warning C26451: Arithmetic overflow: Using operator '-' on a 4 byte value and then casting the result to a 8 byte value. Cast the value to the wider type before calling operator '-' to avoid overflow (io.2).
d:\project\fully-applicable-terrain-gan\work\src\terrain-renderer\terrain-renderer\include\spdlog\fmt\bundled\format-inl.h(320): warning C26451: Arithmetic overflow: Using operator '+' on a 4 byte value and then casting the result to a 8 byte value. Cast the value to the wider type before calling operator '+' to avoid overflow (io.2).
d:\project\fully-applicable-terrain-gan\work\src\terrain-renderer\terrain-renderer\application.cpp(20): warning C26495: Variable 'Application::clientWidth' is uninitialized. Always initialize a member variable (type.6).
d:\project\fully-applicable-terrain-gan\work\src\terrain-renderer\terrain-renderer\include\spdlog\fmt\bundled\format.h(3046): warning C26451: Arithmetic overflow: Using operator '+' on a 4 byte value and then casting the result to a 8 byte value. Cast the value to the wider type before calling operator '+' to avoid overflow (io.2).
d:\project\fully-applicable-terrain-gan\work\src\terrain-renderer\terrain-renderer\include\spdlog\fmt\bundled\core.h(1067): warning C26495: Variable 'std::back_insert_iterator<fmt::v5::internal::basic_buffer<char> >::container' is uninitialized. Always initialize a member variable (type.6).
d:\project\fully-applicable-terrain-gan\work\src\terrain-renderer\terrain-renderer\include\spdlog\fmt\bundled\core.h(1324): warning C26495: Variable 'fmt::v5::basic_format_args<fmt::v5::basic_format_context<std::back_insert_iterator<fmt::v5::internal::basic_buffer<char> >,char> >::<anonymous-tag>::values_' is uninitialized. Always initialize a member variable (type.6).
d:\project\fully-applicable-terrain-gan\work\src\terrain-renderer\terrain-renderer\include\spdlog\fmt\bundled\format.h(2000): warning C26498: The function 'std::numeric_limits<int>::max' is constexpr, mark variable 'max_int' constexpr if compile-time evaluation is desired (con.5).
d:\project\fully-applicable-terrain-gan\work\src\terrain-renderer\terrain-renderer\include\spdlog\fmt\bundled\format.h(3082): warning C26495: Variable 'fmt::v5::basic_writer<fmt::v5::back_insert_range<fmt::v5::internal::basic_buffer<char> > >::int_writer<unsigned __int64,fmt::v5::basic_format_specs<char> >::prefix' is uninitialized. Always initialize a member variable (type.6).
d:\project\fully-applicable-terrain-gan\work\src\terrain-renderer\terrain-renderer\include\spdlog\fmt\bundled\format.h(1871): warning C6387: 'value'이(가) '0'일 수 있습니다.  이 경우 'std::_WChar_traits<wchar_t>::length' 함수의 사양과 일치하지 않습니다. 
d:\project\fully-applicable-terrain-gan\work\src\terrain-renderer\terrain-renderer\include\spdlog\fmt\bundled\format.h(3526): warning C26451: Arithmetic overflow: Using operator '+' on a 4 byte value and then casting the result to a 8 byte value. Cast the value to the wider type before calling operator '+' to avoid overflow (io.2).
d:\project\fully-applicable-terrain-gan\work\src\terrain-renderer\terrain-renderer\include\spdlog\fmt\bundled\format.h(3573): warning C26437: Do not slice (es.63).
d:\project\fully-applicable-terrain-gan\work\src\terrain-renderer\terrain-renderer\include\spdlog\fmt\bundled\format.h(3638): warning C26451: Arithmetic overflow: Using operator '+' on a 4 byte value and then casting the result to a 8 byte value. Cast the value to the wider type before calling operator '+' to avoid overflow (io.2).
d:\project\fully-applicable-terrain-gan\work\src\terrain-renderer\terrain-renderer\include\spdlog\fmt\bundled\format.h(3030): warning C26437: Do not slice (es.63).
